<?xml version="1.0" encoding="UTF-8"?>
<!-- Generated by org.testng.reporters.JUnitXMLReporter -->
<testsuite ignored="0" hostname="Testriq-20s-MacBook-Pro.local" failures="1" tests="3" name="Contact Us Page Test" time="132.153" errors="0" timestamp="2025-06-01T20:18:25 IST">
  <testcase classname="com.watch.site.contact_us.TestContactUsPage" name="testNavigationToContactUsPage" time="32.209">
    <failure type="java.lang.AssertionError" message="expected [Contact Us] but found [CONTACT US]">
      <![CDATA[java.lang.AssertionError: expected [Contact Us] but found [CONTACT US]
at com.watch.site.contact_us.TestContactUsPage.testNavigationToContactUsPage(TestContactUsPage.java:20)
at java.base/java.util.ArrayList.forEach(ArrayList.java:1597)
... Removed 32 stack frames]]>
    </failure>
  </testcase> <!-- testNavigationToContactUsPage -->
  <testcase classname="com.watch.site.contact_us.TestContactUsPage" name="testEmptyFormSubmission" time="23.46"/>
  <testcase classname="com.watch.site.contact_us.TestContactUsPage" name="testSuccessfulFormSubmission" time="30.903"/>
</testsuite> <!-- Contact Us Page Test -->
