<!DOCTYPE html PUBLIC "-//W3C//DTD XHTML 1.1//EN" "https://www.w3.org/TR/xhtml11/DTD/xhtml11.dtd">
<html xmlns="https://www.w3.org/1999/xhtml">
<head>
<meta http-equiv="content-type" content="text/html; charset=UTF-8"/>
<title>TestNG Report</title>
<style type="text/css">table {margin-bottom:10px;border-collapse:collapse;empty-cells:show}th,td {border:1px solid #009;padding:.25em .5em}th {vertical-align:bottom}td {vertical-align:top}table a {font-weight:bold}.stripe td {background-color: #E6EBF9}.num {text-align:right}.passedodd td {background-color: #3F3}.passedeven td {background-color: #0A0}.skippedodd td {background-color: #DDD}.skippedeven td {background-color: #CCC}.failedodd td,.attn {background-color: #F33}.failedeven td,.stripe .attn {background-color: #D00}.stacktrace {white-space:pre;font-family:monospace}.totop {font-size:85%;text-align:center;border-bottom:2px solid #000}.invisible {display:none}</style>
</head>
<body>
<table>
<tr><th>Test</th><th># Passed</th><th># Skipped</th><th># Retried</th><th># Failed</th><th>Time (ms)</th><th>Included Groups</th><th>Excluded Groups</th></tr>
<tr><th colspan="8">Suite</th></tr>
<tr><td><a href="#t0">Test</a></td><td class="num">5</td><td class="num">0</td><td class="num">0</td><td class="num attn">1</td><td class="num">48,164</td><td></td><td></td></tr>
<tr><th colspan="8">Master Suite 1</th></tr>
<tr><th colspan="8">Sanity Suite</th></tr>
<tr class="stripe"><td><a href="#t1">Search Page Test</a></td><td class="num">2</td><td class="num">0</td><td class="num">0</td><td class="num">0</td><td class="num">28,025</td><td></td><td></td></tr>
<tr><td><a href="#t2">Contact Us Page Test</a></td><td class="num">2</td><td class="num">0</td><td class="num">0</td><td class="num attn">1</td><td class="num">19,172</td><td></td><td></td></tr>
<tr><th colspan="8">Regression Suite</th></tr>
<tr class="stripe"><td><a href="#t3">Product Added To Cart Test</a></td><td class="num">0</td><td class="num attn">1</td><td class="num">0</td><td class="num">0</td><td class="num">19</td><td></td><td></td></tr>
<tr><th>Total</th><th class="num">9</th><th class="num attn">1</th><th class="num">0</th><th class="num attn">2</th><th class="num">95,380</th><th colspan="2"></th></tr>
</table>
<table id='summary'><thead><tr><th>Class</th><th>Method</th><th>Start</th><th>Time (ms)</th></tr></thead><tbody><tr><th colspan="4">Suite</th></tr></tbody><tbody id="t0"><tr><th colspan="4">Test &#8212; failed</th></tr><tr class="failedeven"><td rowspan="1">com.watch.site.contact_us.TestContactUsPage</td><td><a href="#m0">testNavigationToContactUsPage</a></td><td rowspan="1">1749977371780</td><td rowspan="1">1337</td></tr><tr><th colspan="4">Test &#8212; passed</th></tr><tr class="passedeven"><td rowspan="2">com.watch.site.contact_us.TestContactUsPage</td><td><a href="#m1">testEmptyFormSubmission</a></td><td rowspan="1">1749977377055</td><td rowspan="1">1730</td></tr><tr class="passedeven"><td><a href="#m2">testSuccessfulFormSubmission</a></td><td rowspan="1">1749977383633</td><td rowspan="1">2928</td></tr><tr class="passedodd"><td rowspan="1">com.watch.site.product.TestProductAddedToCart</td><td><a href="#m3">testSuccessfulProductAddToCart</a></td><td rowspan="1">1749977342633</td><td rowspan="1">14809</td></tr><tr class="passedeven"><td rowspan="2">com.watch.site.search_result.TestSearchResultPage</td><td><a href="#m4">testSearchFunctionalityWRTMatchingProduct</a></td><td rowspan="1">1749977361211</td><td rowspan="1">1731</td></tr><tr class="passedeven"><td><a href="#m5">testSearchFunctionalityWRTNoMatchingProduct</a></td><td rowspan="1">1749977366897</td><td rowspan="1">1055</td></tr></tbody>
<tbody><tr><th colspan="4">Master Suite 1</th></tr></tbody><tbody><tr><th colspan="4">Sanity Suite</th></tr></tbody><tbody id="t1"><tr><th colspan="4">Search Page Test &#8212; passed</th></tr><tr class="passedeven"><td rowspan="2">com.watch.site.search_result.TestSearchResultPage</td><td><a href="#m6">testSearchFunctionalityWRTMatchingProduct</a></td><td rowspan="1">1749977351636</td><td rowspan="1">3877</td></tr><tr class="passedeven"><td><a href="#m7">testSearchFunctionalityWRTNoMatchingProduct</a></td><td rowspan="1">1749977360127</td><td rowspan="1">1070</td></tr></tbody>
<tbody id="t2"><tr><th colspan="4">Contact Us Page Test &#8212; failed</th></tr><tr class="failedeven"><td rowspan="1">com.watch.site.contact_us.TestContactUsPage</td><td><a href="#m8">testNavigationToContactUsPage</a></td><td rowspan="1">1749977370033</td><td rowspan="1">1173</td></tr><tr><th colspan="4">Contact Us Page Test &#8212; passed</th></tr><tr class="passedeven"><td rowspan="2">com.watch.site.contact_us.TestContactUsPage</td><td><a href="#m9">testEmptyFormSubmission</a></td><td rowspan="1">1749977375650</td><td rowspan="1">1532</td></tr><tr class="passedeven"><td><a href="#m10">testSuccessfulFormSubmission</a></td><td rowspan="1">1749977381131</td><td rowspan="1">4255</td></tr></tbody>
<tbody><tr><th colspan="4">Regression Suite</th></tr></tbody><tbody id="t3"><tr><th colspan="4">Product Added To Cart Test &#8212; failed (configuration methods)</th></tr><tr class="failedeven"><td rowspan="1">com.watch.site.product.TestProductAddedToCart</td><td><a href="#m11">cleanData</a></td><td rowspan="1">1749977333157</td><td rowspan="1">19</td></tr><tr><th colspan="4">Product Added To Cart Test &#8212; skipped (configuration methods)</th></tr><tr class="skippedeven"><td rowspan="2">com.watch.site.product.TestProductAddedToCart</td><td><a href="#m12">launchWebApplication</a></td><td rowspan="1">1749977333190</td><td rowspan="1">0</td></tr><tr class="skippedeven"><td><a href="#m13">tearDown</a></td><td rowspan="1">1749977333197</td><td rowspan="1">0</td></tr><tr><th colspan="4">Product Added To Cart Test &#8212; skipped</th></tr><tr class="skippedeven"><td rowspan="1">com.watch.site.product.TestProductAddedToCart</td><td><a href="#m14">testSuccessfulProductAddToCart</a></td><td rowspan="1">1749977333191</td><td rowspan="1">0</td></tr></tbody>
</table>
<h2>Test</h2><h3 id="m0">com.watch.site.contact_us.TestContactUsPage#testNavigationToContactUsPage</h3><table class="result"><tr><th>Exception</th></tr><tr><td><div class="stacktrace">java.lang.AssertionError: expected [Contact Us] but found [CONTACT US]
	at com.watch.site.contact_us.TestContactUsPage.testNavigationToContactUsPage(TestContactUsPage.java:20)
	at java.base/java.util.ArrayList.forEach(ArrayList.java:1597)
	at java.base/java.util.concurrent.Executors$RunnableAdapter.call(Executors.java:572)
	at java.base/java.util.concurrent.FutureTask.run(FutureTask.java:317)
	at java.base/java.util.concurrent.ThreadPoolExecutor.runWorker(ThreadPoolExecutor.java:1144)
	at java.base/java.util.concurrent.ThreadPoolExecutor$Worker.run(ThreadPoolExecutor.java:642)
	at java.base/java.lang.Thread.run(Thread.java:1575)
... Removed 25 stack frames</div></td></tr></table><p class="totop"><a href="#summary">back to summary</a></p>
<h3 id="m1">com.watch.site.contact_us.TestContactUsPage#testEmptyFormSubmission</h3><table class="result"><tr><th class="invisible"/></tr></table><p class="totop"><a href="#summary">back to summary</a></p>
<h3 id="m2">com.watch.site.contact_us.TestContactUsPage#testSuccessfulFormSubmission</h3><table class="result"><tr><th class="invisible"/></tr></table><p class="totop"><a href="#summary">back to summary</a></p>
<h3 id="m3">com.watch.site.product.TestProductAddedToCart#testSuccessfulProductAddToCart</h3><table class="result"><tr><th class="invisible"/></tr></table><p class="totop"><a href="#summary">back to summary</a></p>
<h3 id="m4">com.watch.site.search_result.TestSearchResultPage#testSearchFunctionalityWRTMatchingProduct</h3><table class="result"><tr><th class="invisible"/></tr></table><p class="totop"><a href="#summary">back to summary</a></p>
<h3 id="m5">com.watch.site.search_result.TestSearchResultPage#testSearchFunctionalityWRTNoMatchingProduct</h3><table class="result"><tr><th class="invisible"/></tr></table><p class="totop"><a href="#summary">back to summary</a></p>
<h2>Search Page Test</h2><h3 id="m6">com.watch.site.search_result.TestSearchResultPage#testSearchFunctionalityWRTMatchingProduct</h3><table class="result"><tr><th class="invisible"/></tr></table><p class="totop"><a href="#summary">back to summary</a></p>
<h3 id="m7">com.watch.site.search_result.TestSearchResultPage#testSearchFunctionalityWRTNoMatchingProduct</h3><table class="result"><tr><th class="invisible"/></tr></table><p class="totop"><a href="#summary">back to summary</a></p>
<h2>Contact Us Page Test</h2><h3 id="m8">com.watch.site.contact_us.TestContactUsPage#testNavigationToContactUsPage</h3><table class="result"><tr><th>Exception</th></tr><tr><td><div class="stacktrace">java.lang.AssertionError: expected [Contact Us] but found [CONTACT US]
	at com.watch.site.contact_us.TestContactUsPage.testNavigationToContactUsPage(TestContactUsPage.java:20)
	at java.base/java.util.ArrayList.forEach(ArrayList.java:1597)
	at java.base/java.util.concurrent.Executors$RunnableAdapter.call(Executors.java:572)
	at java.base/java.util.concurrent.FutureTask.run(FutureTask.java:317)
	at java.base/java.util.concurrent.ThreadPoolExecutor.runWorker(ThreadPoolExecutor.java:1144)
	at java.base/java.util.concurrent.ThreadPoolExecutor$Worker.run(ThreadPoolExecutor.java:642)
	at java.base/java.lang.Thread.run(Thread.java:1575)
... Removed 25 stack frames</div></td></tr></table><p class="totop"><a href="#summary">back to summary</a></p>
<h3 id="m9">com.watch.site.contact_us.TestContactUsPage#testEmptyFormSubmission</h3><table class="result"><tr><th class="invisible"/></tr></table><p class="totop"><a href="#summary">back to summary</a></p>
<h3 id="m10">com.watch.site.contact_us.TestContactUsPage#testSuccessfulFormSubmission</h3><table class="result"><tr><th class="invisible"/></tr></table><p class="totop"><a href="#summary">back to summary</a></p>
<h2>Product Added To Cart Test</h2><h3 id="m11">com.watch.site.product.TestProductAddedToCart#cleanData</h3><table class="result"><tr><th>Exception</th></tr><tr><td><div class="stacktrace">org.apache.commons.io.IOExceptionList: 2 exception(s): [org.apache.commons.io.IOIndexedException: FileNotFoundException #0: File does not exist: /Users/testriq_20/eclipse-workspace/Ecubix/screenshots/testNavigationToContactUsPage.png, org.apache.commons.io.IOIndexedException: FileNotFoundException #1: File does not exist: /Users/testriq_20/eclipse-workspace/Ecubix/screenshots/testSuccessfulFormSubmission.png]
	at org.apache.commons.io.IOExceptionList.checkEmpty(IOExceptionList.java:50)
	at org.apache.commons.io.function.IOStream.forAll(IOStream.java:357)
	at org.apache.commons.io.function.IOStreams.forAll(IOStreams.java:42)
	at org.apache.commons.io.function.IOStreams.forAll(IOStreams.java:36)
	at org.apache.commons.io.function.IOConsumer.forAll(IOConsumer.java:82)
	at org.apache.commons.io.FileUtils.cleanDirectory(FileUtils.java:381)
	at com.watch.site.core.DriverManagementCore.cleanDirectory(DriverManagementCore.java:106)
	at com.watch.site.core.DriverManagementCore.cleanData(DriverManagementCore.java:122)
	at java.base/java.util.concurrent.Executors$RunnableAdapter.call(Executors.java:572)
	at java.base/java.util.concurrent.FutureTask.run(FutureTask.java:317)
	at java.base/java.util.concurrent.ThreadPoolExecutor.runWorker(ThreadPoolExecutor.java:1144)
	at java.base/java.util.concurrent.ThreadPoolExecutor$Worker.run(ThreadPoolExecutor.java:642)
	at java.base/java.lang.Thread.run(Thread.java:1575)
Caused by: org.apache.commons.io.IOIndexedException: FileNotFoundException #0: File does not exist: /Users/testriq_20/eclipse-workspace/Ecubix/screenshots/testNavigationToContactUsPage.png
	at org.apache.commons.io.function.IOStream.lambda$forAll$11(IOStream.java:352)
	at java.base/java.util.Spliterators$ArraySpliterator.forEachRemaining(Spliterators.java:1024)
	at java.base/java.util.stream.ReferencePipeline$Head.forEach(ReferencePipeline.java:807)
	at org.apache.commons.io.function.IOStream.forAll(IOStream.java:343)
	... 22 more
Caused by: java.io.FileNotFoundException: File does not exist: /Users/testriq_20/eclipse-workspace/Ecubix/screenshots/testNavigationToContactUsPage.png
	at org.apache.commons.io.FileUtils.forceDelete(FileUtils.java:1432)
	at org.apache.commons.io.FileUtils.lambda$cleanDirectory$0(FileUtils.java:381)
	at org.apache.commons.io.function.IOStream.lambda$forAll$11(IOStream.java:345)
	... 25 more
... Removed 11 stack frames</div></td></tr></table><p class="totop"><a href="#summary">back to summary</a></p>
<h3 id="m12">com.watch.site.product.TestProductAddedToCart#launchWebApplication</h3><table class="result"><tr><th class="invisible"/></tr></table><p class="totop"><a href="#summary">back to summary</a></p>
<h3 id="m13">com.watch.site.product.TestProductAddedToCart#tearDown</h3><table class="result"><tr><th class="invisible"/></tr></table><p class="totop"><a href="#summary">back to summary</a></p>
<h3 id="m14">com.watch.site.product.TestProductAddedToCart#testSuccessfulProductAddToCart</h3><table class="result"><tr><th>Exception</th></tr><tr><td><div class="stacktrace">org.apache.commons.io.IOExceptionList: 2 exception(s): [org.apache.commons.io.IOIndexedException: FileNotFoundException #0: File does not exist: /Users/testriq_20/eclipse-workspace/Ecubix/screenshots/testNavigationToContactUsPage.png, org.apache.commons.io.IOIndexedException: FileNotFoundException #1: File does not exist: /Users/testriq_20/eclipse-workspace/Ecubix/screenshots/testSuccessfulFormSubmission.png]
	at org.apache.commons.io.IOExceptionList.checkEmpty(IOExceptionList.java:50)
	at org.apache.commons.io.function.IOStream.forAll(IOStream.java:357)
	at org.apache.commons.io.function.IOStreams.forAll(IOStreams.java:42)
	at org.apache.commons.io.function.IOStreams.forAll(IOStreams.java:36)
	at org.apache.commons.io.function.IOConsumer.forAll(IOConsumer.java:82)
	at org.apache.commons.io.FileUtils.cleanDirectory(FileUtils.java:381)
	at com.watch.site.core.DriverManagementCore.cleanDirectory(DriverManagementCore.java:106)
	at com.watch.site.core.DriverManagementCore.cleanData(DriverManagementCore.java:122)
	at java.base/java.util.concurrent.Executors$RunnableAdapter.call(Executors.java:572)
	at java.base/java.util.concurrent.FutureTask.run(FutureTask.java:317)
	at java.base/java.util.concurrent.ThreadPoolExecutor.runWorker(ThreadPoolExecutor.java:1144)
	at java.base/java.util.concurrent.ThreadPoolExecutor$Worker.run(ThreadPoolExecutor.java:642)
	at java.base/java.lang.Thread.run(Thread.java:1575)
Caused by: org.apache.commons.io.IOIndexedException: FileNotFoundException #0: File does not exist: /Users/testriq_20/eclipse-workspace/Ecubix/screenshots/testNavigationToContactUsPage.png
	at org.apache.commons.io.function.IOStream.lambda$forAll$11(IOStream.java:352)
	at java.base/java.util.Spliterators$ArraySpliterator.forEachRemaining(Spliterators.java:1024)
	at java.base/java.util.stream.ReferencePipeline$Head.forEach(ReferencePipeline.java:807)
	at org.apache.commons.io.function.IOStream.forAll(IOStream.java:343)
	... 22 more
Caused by: java.io.FileNotFoundException: File does not exist: /Users/testriq_20/eclipse-workspace/Ecubix/screenshots/testNavigationToContactUsPage.png
	at org.apache.commons.io.FileUtils.forceDelete(FileUtils.java:1432)
	at org.apache.commons.io.FileUtils.lambda$cleanDirectory$0(FileUtils.java:381)
	at org.apache.commons.io.function.IOStream.lambda$forAll$11(IOStream.java:345)
	... 25 more
... Removed 11 stack frames</div></td></tr></table><p class="totop"><a href="#summary">back to summary</a></p>
</body>
</html>
